<?xml version="1.0" encoding="UTF-8"?>
<!-- Generated by org.testng.reporters.JUnitReportReporter -->
<testsuite hostname="Ahmeds-MacBook-Pro.local" failures="0" tests="1" name="com.testrunner.Testrunner" time="9.699" errors="0" timestamp="13 Jan 2020 21:47:38 GMT" skipped="0">
  <testcase classname="com.testrunner.Testrunner" name="feature" time="9.699"/>
</testsuite> <!-- com.testrunner.Testrunner -->
