<?xml version="1.0" encoding="UTF-8"?>
<!-- Generated by org.testng.reporters.JUnitReportReporter -->
<testsuite hostname="Ahmeds-MacBook-Pro.local" failures="0" tests="1" name="com.common.Dropdown" time="3.986" errors="0" timestamp="13 Jan 2020 22:48:47 GMT" skipped="0">
  <testcase classname="com.common.Dropdown" name="drop" time="3.986"/>
</testsuite> <!-- com.common.Dropdown -->
